<?xml version="1.0" encoding="UTF-8"?>
<!-- Generated by org.testng.reporters.JUnitReportReporter -->
<testsuite hostname="DESKTOP-RQSL0MD" failures="0" tests="3" name="com.sgtesting.employee.pojoemptests.CreateEmployeeScenarioDemo" time="2.968" errors="0" timestamp="2024-06-19T11:57:26 IST" skipped="0">
  <testcase classname="com.sgtesting.employee.pojoemptests.CreateEmployeeScenarioDemo" name="createEmployee" time="2.605"/>
  <system-out/>
  <testcase classname="com.sgtesting.employee.pojoemptests.CreateEmployeeScenarioDemo" name="displayEmployee" time="0.263"/>
  <system-out/>
  <testcase classname="com.sgtesting.employee.pojoemptests.CreateEmployeeScenarioDemo" name="deleteEmployee" time="0.100"/>
  <system-out/>
</testsuite> <!-- com.sgtesting.employee.pojoemptests.CreateEmployeeScenarioDemo -->
