<?xml version="1.0" encoding="UTF-8"?>
<!-- Generated by org.testng.reporters.JUnitReportReporter -->
<testsuite hostname="DESKTOP-RQSL0MD" failures="0" tests="3" name="com.sgtesting.employee.tests.CreateEmployeeTestCase" time="2.445" errors="0" timestamp="2024-06-18T12:01:16 IST" skipped="0">
  <testcase classname="com.sgtesting.employee.tests.CreateEmployeeTestCase" name="createEmployee" time="2.292"/>
  <system-out/>
  <testcase classname="com.sgtesting.employee.tests.CreateEmployeeTestCase" name="displayEmployee" time="0.059"/>
  <system-out/>
  <testcase classname="com.sgtesting.employee.tests.CreateEmployeeTestCase" name="deleteEmployee" time="0.094"/>
  <system-out/>
</testsuite> <!-- com.sgtesting.employee.tests.CreateEmployeeTestCase -->
