<?xml version="1.0" encoding="UTF-8"?>
<!-- Generated by org.testng.reporters.JUnitReportReporter -->
<testsuite hostname="DESKTOP-RQSL0MD" failures="0" tests="6" name="com.sgtesting.prototype.testscenarios.LoginLogoutScenario" time="19.027" errors="0" timestamp="2024-05-04T10:42:30 IST" skipped="0">
  <testcase classname="com.sgtesting.prototype.testscenarios.LoginLogoutScenario" name="launchBrowser" time="1.901"/>
  <system-out/>
  <testcase classname="com.sgtesting.prototype.testscenarios.LoginLogoutScenario" name="navigate" time="7.379"/>
  <system-out/>
  <testcase classname="com.sgtesting.prototype.testscenarios.LoginLogoutScenario" name="login" time="5.229"/>
  <system-out/>
  <testcase classname="com.sgtesting.prototype.testscenarios.LoginLogoutScenario" name="minimizeFlyOutWindow" time="2.075"/>
  <system-out/>
  <testcase classname="com.sgtesting.prototype.testscenarios.LoginLogoutScenario" name="logout" time="2.224"/>
  <system-out/>
  <testcase classname="com.sgtesting.prototype.testscenarios.LoginLogoutScenario" name="closeApplication" time="0.219"/>
  <system-out/>
</testsuite> <!-- com.sgtesting.prototype.testscenarios.LoginLogoutScenario -->
