<?xml version="1.0" encoding="UTF-8"?>
<!-- Generated by org.testng.reporters.JUnitReportReporter -->
<testsuite hostname="DESKTOP-RQSL0MD" failures="0" tests="2" name="com.sgtesting.prototype.testcases.UniTestcase" time="0.009" errors="0" timestamp="2024-05-04T10:19:50 IST" skipped="0">
  <testcase classname="com.sgtesting.prototype.testcases.UniTestcase" name="method1" time="0.008"/>
  <system-out/>
  <testcase classname="com.sgtesting.prototype.testcases.UniTestcase" name="method2" time="0.001"/>
  <system-out/>
</testsuite> <!-- com.sgtesting.prototype.testcases.UniTestcase -->
