<?xml version="1.0" encoding="UTF-8"?>
<!-- Generated by org.testng.reporters.JUnitReportReporter -->
<testsuite hostname="DESKTOP-RQSL0MD" failures="0" tests="1" name="com.sgtesting.users.Users" time="0.005" errors="0" timestamp="2024-04-30T11:53:44 IST" skipped="0">
  <testcase classname="com.sgtesting.users.Users" name="createUser" time="0.005"/>
  <system-out/>
</testsuite> <!-- com.sgtesting.users.Users -->
