<?xml version="1.0" encoding="UTF-8"?>
<!-- Generated by org.testng.reporters.JUnitReportReporter -->
<testsuite hostname="DESKTOP-RQSL0MD" failures="0" tests="2" name="com.sgtesting.products.Products" time="0.003" errors="0" timestamp="2024-04-30T11:53:44 IST" skipped="0">
  <testcase classname="com.sgtesting.products.Products" name="createProduct" time="0.001"/>
  <system-out/>
  <testcase classname="com.sgtesting.products.Products" name="deletProduct" time="0.002"/>
  <system-out/>
</testsuite> <!-- com.sgtesting.products.Products -->
